<?xml version="1.0" encoding="UTF-8"?>
<!-- Generated by org.testng.reporters.JUnitReportReporter -->
<testsuite hostname="LTIN233926" failures="0" tests="8" name="testCases.TC004_GymCategory" time="122.592" errors="0" timestamp="2024-02-13T10:13:02 IST" skipped="0">
  <testcase classname="testCases.TC004_GymCategory" name="locationCountry" time="9.963"/>
  <system-out/>
  <testcase classname="testCases.TC004_GymCategory" name="locationCity" time="9.662"/>
  <system-out/>
  <testcase classname="testCases.TC004_GymCategory" name="searchCarWash" time="9.488"/>
  <system-out/>
  <testcase classname="testCases.TC004_GymCategory" name="carWashDetails" time="75.297"/>
  <system-out/>
  <testcase classname="testCases.TC004_GymCategory" name="clickfreelisting" time="1.862"/>
  <system-out/>
  <testcase classname="testCases.TC004_GymCategory" name="freeListingLogin" time="8.709"/>
  <system-out/>
  <testcase classname="testCases.TC004_GymCategory" name="clickGym" time="1.732"/>
  <system-out/>
  <testcase classname="testCases.TC004_GymCategory" name="displayCategories" time="5.879"/>
  <system-out/>
</testsuite> <!-- testCases.TC004_GymCategory -->
