<?xml version="1.0" encoding="UTF-8"?>
<!-- Generated by org.testng.reporters.JUnitReportReporter -->
<testsuite hostname="LTIN233926" failures="0" tests="8" name="testCases.TC004_GymCategory" time="166.641" errors="0" timestamp="2024-02-13T10:05:07 IST" skipped="0">
  <testcase classname="testCases.TC004_GymCategory" name="locationCountry" time="18.594"/>
  <system-out/>
  <testcase classname="testCases.TC004_GymCategory" name="locationCity" time="19.989"/>
  <system-out/>
  <testcase classname="testCases.TC004_GymCategory" name="searchCarWash" time="20.051"/>
  <system-out/>
  <testcase classname="testCases.TC004_GymCategory" name="carWashDetails" time="88.090"/>
  <system-out/>
  <testcase classname="testCases.TC004_GymCategory" name="clickfreelisting" time="2.635"/>
  <system-out/>
  <testcase classname="testCases.TC004_GymCategory" name="freeListingLogin" time="9.101"/>
  <system-out/>
  <testcase classname="testCases.TC004_GymCategory" name="clickGym" time="1.876"/>
  <system-out/>
  <testcase classname="testCases.TC004_GymCategory" name="displayCategories" time="6.305"/>
  <system-out/>
</testsuite> <!-- testCases.TC004_GymCategory -->
