<?xml version="1.0" encoding="UTF-8"?>
<!-- Generated by org.testng.reporters.JUnitReportReporter -->
<testsuite hostname="LTIN233926" failures="0" tests="8" name="testCases.TC004_GymCategory" time="217.815" errors="0" timestamp="2024-02-08T16:15:17 IST" skipped="0">
  <testcase classname="testCases.TC004_GymCategory" name="locationCountry" time="24.836"/>
  <system-out/>
  <testcase classname="testCases.TC004_GymCategory" name="locationCity" time="25.682"/>
  <system-out/>
  <testcase classname="testCases.TC004_GymCategory" name="searchCarWash" time="21.753"/>
  <system-out/>
  <testcase classname="testCases.TC004_GymCategory" name="carWashDetails" time="88.040"/>
  <system-out/>
  <testcase classname="testCases.TC004_GymCategory" name="clickfreelisting" time="30.255"/>
  <system-out/>
  <testcase classname="testCases.TC004_GymCategory" name="freeListingLogin" time="15.707"/>
  <system-out/>
  <testcase classname="testCases.TC004_GymCategory" name="clickGym" time="5.167"/>
  <system-out/>
  <testcase classname="testCases.TC004_GymCategory" name="displayCategories" time="6.375"/>
  <system-out/>
</testsuite> <!-- testCases.TC004_GymCategory -->
